<?xml version="1.0" encoding="UTF-8"?>
<robot generator="Robot 5.0 (Python 3.10.4 on win32)" generated="20220901 20:49:50.306" rpa="false" schemaversion="3">
<suite id="s1" name="Test1" source="D:\Openingbrow\Test\Test1.robot">
<test id="s1-t1" name="A user should able to land on bookswagon details page" line="7">
<kw name="Given I sign in as customer on the bookswagon" library="keywords">
<arg>${book_url}</arg>
<kw name="Open Browser" library="SeleniumLibrary">
<arg>about:blank</arg>
<arg>gc</arg>
<doc>Opens a new browser instance to the optional ``url``.</doc>
<msg timestamp="20220901 20:49:50.613" level="INFO">Opening browser 'gc' to base url 'about:blank'.</msg>
<status status="PASS" starttime="20220901 20:49:50.613" endtime="20220901 20:49:52.186"/>
</kw>
<kw name="Maximize Browser Window" library="SeleniumLibrary">
<doc>Maximizes current browser window.</doc>
<status status="PASS" starttime="20220901 20:49:52.186" endtime="20220901 20:49:52.310"/>
</kw>
<kw name="Go To" library="SeleniumLibrary">
<arg>${url}</arg>
<doc>Navigates the current browser window to the provided ``url``.</doc>
<msg timestamp="20220901 20:49:52.310" level="INFO">Opening url 'https://www.bookswagon.com/login'</msg>
<status status="PASS" starttime="20220901 20:49:52.310" endtime="20220901 20:49:53.757"/>
</kw>
<kw name="Input Text" library="SeleniumLibrary">
<arg>${ele_username}</arg>
<arg>${username}</arg>
<doc>Types the given ``text`` into the text field identified by ``locator``.</doc>
<msg timestamp="20220901 20:49:53.758" level="INFO">Typing text '6374955935' into text field 'xpath=//*[@name='ctl00$phBody$SignIn$txtEmail']'.</msg>
<status status="PASS" starttime="20220901 20:49:53.757" endtime="20220901 20:49:53.873"/>
</kw>
<kw name="Input Text" library="SeleniumLibrary">
<arg>${ele_password}</arg>
<arg>${password}</arg>
<doc>Types the given ``text`` into the text field identified by ``locator``.</doc>
<msg timestamp="20220901 20:49:53.874" level="INFO">Typing text 'Pepper@123' into text field 'xpath=//*[@name='ctl00$phBody$SignIn$txtPassword']'.</msg>
<status status="PASS" starttime="20220901 20:49:53.873" endtime="20220901 20:49:53.983"/>
</kw>
<kw name="Click Element" library="SeleniumLibrary">
<arg>${login_button}</arg>
<doc>Click the element identified by ``locator``.</doc>
<msg timestamp="20220901 20:49:53.983" level="INFO">Clicking element 'xpath=//*[@class='btn btn-block themebackground text-white mb-2']'.</msg>
<status status="PASS" starttime="20220901 20:49:53.983" endtime="20220901 20:49:54.550"/>
</kw>
<status status="PASS" starttime="20220901 20:49:50.612" endtime="20220901 20:49:54.550"/>
</kw>
<kw name="And confirm land on homepage" library="keywords">
<kw name="Wait Until Page Contains" library="SeleniumLibrary">
<arg>${desktop}</arg>
<arg>timeout=10s</arg>
<doc>Waits until ``text`` appears on the current page.</doc>
<status status="PASS" starttime="20220901 20:49:54.551" endtime="20220901 20:49:54.572"/>
</kw>
<status status="PASS" starttime="20220901 20:49:54.551" endtime="20220901 20:49:54.573"/>
</kw>
<kw name="When select the catagory" library="keywords">
<kw name="Click Element" library="SeleniumLibrary">
<arg>${book}</arg>
<doc>Click the element identified by ``locator``.</doc>
<msg timestamp="20220901 20:49:54.575" level="INFO">Clicking element 'xpath=//*[@class='desktopdropdowninit dropdown-toggle']'.</msg>
<status status="PASS" starttime="20220901 20:49:54.574" endtime="20220901 20:49:54.660"/>
</kw>
<kw name="Get Element Count" library="SeleniumLibrary">
<var>${get_count}</var>
<arg>${book_types}</arg>
<doc>Returns the number of elements matching ``locator``.</doc>
<msg timestamp="20220901 20:49:54.688" level="INFO">${get_count} = 19</msg>
<status status="PASS" starttime="20220901 20:49:54.660" endtime="20220901 20:49:54.688"/>
</kw>
<kw name="Log To Console" library="BuiltIn">
<arg>${get_count}</arg>
<doc>Logs the given message to the console.</doc>
<status status="PASS" starttime="20220901 20:49:54.688" endtime="20220901 20:49:54.689"/>
</kw>
<for flavor="IN RANGE">
<var>${i}</var>
<value>1</value>
<value>${get_count}</value>
<iter>
<var name="${i}">1</var>
<kw name="Get Text" library="SeleniumLibrary">
<var>${list_books}</var>
<arg>xpath=//*[@class='list-unstyled maincategory']/li[${i}]</arg>
<doc>Returns the text value of the element identified by ``locator``.</doc>
<msg timestamp="20220901 20:49:54.722" level="INFO">${list_books} = Arts &amp; Photography</msg>
<status status="PASS" starttime="20220901 20:49:54.689" endtime="20220901 20:49:54.722"/>
</kw>
<kw name="Log To Console" library="BuiltIn">
<arg>${list_books}</arg>
<doc>Logs the given message to the console.</doc>
<status status="PASS" starttime="20220901 20:49:54.722" endtime="20220901 20:49:54.723"/>
</kw>
<kw name="Exit For Loop If" library="BuiltIn">
<arg>"${list_books}" == "${particular_book}"</arg>
<doc>Stops executing the enclosing FOR loop if the ``condition`` is true.</doc>
<status status="PASS" starttime="20220901 20:49:54.723" endtime="20220901 20:49:54.724"/>
</kw>
<status status="PASS" starttime="20220901 20:49:54.689" endtime="20220901 20:49:54.724"/>
</iter>
<iter>
<var name="${i}">2</var>
<kw name="Get Text" library="SeleniumLibrary">
<var>${list_books}</var>
<arg>xpath=//*[@class='list-unstyled maincategory']/li[${i}]</arg>
<doc>Returns the text value of the element identified by ``locator``.</doc>
<msg timestamp="20220901 20:49:54.754" level="INFO">${list_books} = Biographies &amp; Memoirs</msg>
<status status="PASS" starttime="20220901 20:49:54.724" endtime="20220901 20:49:54.755"/>
</kw>
<kw name="Log To Console" library="BuiltIn">
<arg>${list_books}</arg>
<doc>Logs the given message to the console.</doc>
<status status="PASS" starttime="20220901 20:49:54.755" endtime="20220901 20:49:54.755"/>
</kw>
<kw name="Exit For Loop If" library="BuiltIn">
<arg>"${list_books}" == "${particular_book}"</arg>
<doc>Stops executing the enclosing FOR loop if the ``condition`` is true.</doc>
<status status="PASS" starttime="20220901 20:49:54.756" endtime="20220901 20:49:54.757"/>
</kw>
<status status="PASS" starttime="20220901 20:49:54.724" endtime="20220901 20:49:54.758"/>
</iter>
<iter>
<var name="${i}">3</var>
<kw name="Get Text" library="SeleniumLibrary">
<var>${list_books}</var>
<arg>xpath=//*[@class='list-unstyled maincategory']/li[${i}]</arg>
<doc>Returns the text value of the element identified by ``locator``.</doc>
<msg timestamp="20220901 20:49:54.781" level="INFO">${list_books} = Dictionaries &amp; Language</msg>
<status status="PASS" starttime="20220901 20:49:54.758" endtime="20220901 20:49:54.781"/>
</kw>
<kw name="Log To Console" library="BuiltIn">
<arg>${list_books}</arg>
<doc>Logs the given message to the console.</doc>
<status status="PASS" starttime="20220901 20:49:54.781" endtime="20220901 20:49:54.782"/>
</kw>
<kw name="Exit For Loop If" library="BuiltIn">
<arg>"${list_books}" == "${particular_book}"</arg>
<doc>Stops executing the enclosing FOR loop if the ``condition`` is true.</doc>
<status status="PASS" starttime="20220901 20:49:54.782" endtime="20220901 20:49:54.783"/>
</kw>
<status status="PASS" starttime="20220901 20:49:54.758" endtime="20220901 20:49:54.783"/>
</iter>
<iter>
<var name="${i}">4</var>
<kw name="Get Text" library="SeleniumLibrary">
<var>${list_books}</var>
<arg>xpath=//*[@class='list-unstyled maincategory']/li[${i}]</arg>
<doc>Returns the text value of the element identified by ``locator``.</doc>
<msg timestamp="20220901 20:49:54.806" level="INFO">${list_books} = Literature &amp; literary studies</msg>
<status status="PASS" starttime="20220901 20:49:54.783" endtime="20220901 20:49:54.806"/>
</kw>
<kw name="Log To Console" library="BuiltIn">
<arg>${list_books}</arg>
<doc>Logs the given message to the console.</doc>
<status status="PASS" starttime="20220901 20:49:54.807" endtime="20220901 20:49:54.807"/>
</kw>
<kw name="Exit For Loop If" library="BuiltIn">
<arg>"${list_books}" == "${particular_book}"</arg>
<doc>Stops executing the enclosing FOR loop if the ``condition`` is true.</doc>
<status status="PASS" starttime="20220901 20:49:54.807" endtime="20220901 20:49:54.808"/>
</kw>
<status status="PASS" starttime="20220901 20:49:54.783" endtime="20220901 20:49:54.808"/>
</iter>
<iter>
<var name="${i}">5</var>
<kw name="Get Text" library="SeleniumLibrary">
<var>${list_books}</var>
<arg>xpath=//*[@class='list-unstyled maincategory']/li[${i}]</arg>
<doc>Returns the text value of the element identified by ``locator``.</doc>
<msg timestamp="20220901 20:49:54.832" level="INFO">${list_books} = English Language Teaching</msg>
<status status="PASS" starttime="20220901 20:49:54.808" endtime="20220901 20:49:54.832"/>
</kw>
<kw name="Log To Console" library="BuiltIn">
<arg>${list_books}</arg>
<doc>Logs the given message to the console.</doc>
<status status="PASS" starttime="20220901 20:49:54.832" endtime="20220901 20:49:54.832"/>
</kw>
<kw name="Exit For Loop If" library="BuiltIn">
<arg>"${list_books}" == "${particular_book}"</arg>
<doc>Stops executing the enclosing FOR loop if the ``condition`` is true.</doc>
<status status="PASS" starttime="20220901 20:49:54.832" endtime="20220901 20:49:54.833"/>
</kw>
<status status="PASS" starttime="20220901 20:49:54.808" endtime="20220901 20:49:54.833"/>
</iter>
<iter>
<var name="${i}">6</var>
<kw name="Get Text" library="SeleniumLibrary">
<var>${list_books}</var>
<arg>xpath=//*[@class='list-unstyled maincategory']/li[${i}]</arg>
<doc>Returns the text value of the element identified by ``locator``.</doc>
<msg timestamp="20220901 20:49:54.860" level="INFO">${list_books} = Fiction</msg>
<status status="PASS" starttime="20220901 20:49:54.834" endtime="20220901 20:49:54.860"/>
</kw>
<kw name="Log To Console" library="BuiltIn">
<arg>${list_books}</arg>
<doc>Logs the given message to the console.</doc>
<status status="PASS" starttime="20220901 20:49:54.860" endtime="20220901 20:49:54.860"/>
</kw>
<kw name="Exit For Loop If" library="BuiltIn">
<arg>"${list_books}" == "${particular_book}"</arg>
<doc>Stops executing the enclosing FOR loop if the ``condition`` is true.</doc>
<status status="PASS" starttime="20220901 20:49:54.860" endtime="20220901 20:49:54.861"/>
</kw>
<status status="PASS" starttime="20220901 20:49:54.833" endtime="20220901 20:49:54.861"/>
</iter>
<iter>
<var name="${i}">7</var>
<kw name="Get Text" library="SeleniumLibrary">
<var>${list_books}</var>
<arg>xpath=//*[@class='list-unstyled maincategory']/li[${i}]</arg>
<doc>Returns the text value of the element identified by ``locator``.</doc>
<msg timestamp="20220901 20:49:54.887" level="INFO">${list_books} = References &amp; Encyclopaedias</msg>
<status status="PASS" starttime="20220901 20:49:54.861" endtime="20220901 20:49:54.887"/>
</kw>
<kw name="Log To Console" library="BuiltIn">
<arg>${list_books}</arg>
<doc>Logs the given message to the console.</doc>
<status status="PASS" starttime="20220901 20:49:54.887" endtime="20220901 20:49:54.887"/>
</kw>
<kw name="Exit For Loop If" library="BuiltIn">
<arg>"${list_books}" == "${particular_book}"</arg>
<doc>Stops executing the enclosing FOR loop if the ``condition`` is true.</doc>
<status status="PASS" starttime="20220901 20:49:54.888" endtime="20220901 20:49:54.888"/>
</kw>
<status status="PASS" starttime="20220901 20:49:54.861" endtime="20220901 20:49:54.888"/>
</iter>
<iter>
<var name="${i}">8</var>
<kw name="Get Text" library="SeleniumLibrary">
<var>${list_books}</var>
<arg>xpath=//*[@class='list-unstyled maincategory']/li[${i}]</arg>
<doc>Returns the text value of the element identified by ``locator``.</doc>
<msg timestamp="20220901 20:49:54.913" level="INFO">${list_books} = History &amp; Humanities</msg>
<status status="PASS" starttime="20220901 20:49:54.889" endtime="20220901 20:49:54.913"/>
</kw>
<kw name="Log To Console" library="BuiltIn">
<arg>${list_books}</arg>
<doc>Logs the given message to the console.</doc>
<status status="PASS" starttime="20220901 20:49:54.913" endtime="20220901 20:49:54.913"/>
</kw>
<kw name="Exit For Loop If" library="BuiltIn">
<arg>"${list_books}" == "${particular_book}"</arg>
<doc>Stops executing the enclosing FOR loop if the ``condition`` is true.</doc>
<status status="PASS" starttime="20220901 20:49:54.914" endtime="20220901 20:49:54.914"/>
</kw>
<status status="PASS" starttime="20220901 20:49:54.888" endtime="20220901 20:49:54.914"/>
</iter>
<iter>
<var name="${i}">9</var>
<kw name="Get Text" library="SeleniumLibrary">
<var>${list_books}</var>
<arg>xpath=//*[@class='list-unstyled maincategory']/li[${i}]</arg>
<doc>Returns the text value of the element identified by ``locator``.</doc>
<msg timestamp="20220901 20:49:54.942" level="INFO">${list_books} = Society &amp; social sciences</msg>
<status status="PASS" starttime="20220901 20:49:54.915" endtime="20220901 20:49:54.942"/>
</kw>
<kw name="Log To Console" library="BuiltIn">
<arg>${list_books}</arg>
<doc>Logs the given message to the console.</doc>
<status status="PASS" starttime="20220901 20:49:54.942" endtime="20220901 20:49:54.943"/>
</kw>
<kw name="Exit For Loop If" library="BuiltIn">
<arg>"${list_books}" == "${particular_book}"</arg>
<doc>Stops executing the enclosing FOR loop if the ``condition`` is true.</doc>
<status status="PASS" starttime="20220901 20:49:54.943" endtime="20220901 20:49:54.944"/>
</kw>
<status status="PASS" starttime="20220901 20:49:54.914" endtime="20220901 20:49:54.944"/>
</iter>
<iter>
<var name="${i}">10</var>
<kw name="Get Text" library="SeleniumLibrary">
<var>${list_books}</var>
<arg>xpath=//*[@class='list-unstyled maincategory']/li[${i}]</arg>
<doc>Returns the text value of the element identified by ``locator``.</doc>
<msg timestamp="20220901 20:49:54.968" level="INFO">${list_books} = Business &amp; Economics</msg>
<status status="PASS" starttime="20220901 20:49:54.944" endtime="20220901 20:49:54.968"/>
</kw>
<kw name="Log To Console" library="BuiltIn">
<arg>${list_books}</arg>
<doc>Logs the given message to the console.</doc>
<status status="PASS" starttime="20220901 20:49:54.968" endtime="20220901 20:49:54.969"/>
</kw>
<kw name="Exit For Loop If" library="BuiltIn">
<arg>"${list_books}" == "${particular_book}"</arg>
<doc>Stops executing the enclosing FOR loop if the ``condition`` is true.</doc>
<status status="PASS" starttime="20220901 20:49:54.969" endtime="20220901 20:49:54.970"/>
</kw>
<status status="PASS" starttime="20220901 20:49:54.944" endtime="20220901 20:49:54.970"/>
</iter>
<iter>
<var name="${i}">11</var>
<kw name="Get Text" library="SeleniumLibrary">
<var>${list_books}</var>
<arg>xpath=//*[@class='list-unstyled maincategory']/li[${i}]</arg>
<doc>Returns the text value of the element identified by ``locator``.</doc>
<msg timestamp="20220901 20:49:54.995" level="INFO">${list_books} = Law</msg>
<status status="PASS" starttime="20220901 20:49:54.970" endtime="20220901 20:49:54.995"/>
</kw>
<kw name="Log To Console" library="BuiltIn">
<arg>${list_books}</arg>
<doc>Logs the given message to the console.</doc>
<status status="PASS" starttime="20220901 20:49:54.995" endtime="20220901 20:49:54.995"/>
</kw>
<kw name="Exit For Loop If" library="BuiltIn">
<arg>"${list_books}" == "${particular_book}"</arg>
<doc>Stops executing the enclosing FOR loop if the ``condition`` is true.</doc>
<status status="PASS" starttime="20220901 20:49:54.996" endtime="20220901 20:49:54.996"/>
</kw>
<status status="PASS" starttime="20220901 20:49:54.970" endtime="20220901 20:49:54.996"/>
</iter>
<iter>
<var name="${i}">12</var>
<kw name="Get Text" library="SeleniumLibrary">
<var>${list_books}</var>
<arg>xpath=//*[@class='list-unstyled maincategory']/li[${i}]</arg>
<doc>Returns the text value of the element identified by ``locator``.</doc>
<msg timestamp="20220901 20:49:55.022" level="INFO">${list_books} = Medicine</msg>
<status status="PASS" starttime="20220901 20:49:54.996" endtime="20220901 20:49:55.022"/>
</kw>
<kw name="Log To Console" library="BuiltIn">
<arg>${list_books}</arg>
<doc>Logs the given message to the console.</doc>
<status status="PASS" starttime="20220901 20:49:55.022" endtime="20220901 20:49:55.023"/>
</kw>
<kw name="Exit For Loop If" library="BuiltIn">
<arg>"${list_books}" == "${particular_book}"</arg>
<doc>Stops executing the enclosing FOR loop if the ``condition`` is true.</doc>
<status status="PASS" starttime="20220901 20:49:55.023" endtime="20220901 20:49:55.024"/>
</kw>
<status status="PASS" starttime="20220901 20:49:54.996" endtime="20220901 20:49:55.024"/>
</iter>
<iter>
<var name="${i}">13</var>
<kw name="Get Text" library="SeleniumLibrary">
<var>${list_books}</var>
<arg>xpath=//*[@class='list-unstyled maincategory']/li[${i}]</arg>
<doc>Returns the text value of the element identified by ``locator``.</doc>
<msg timestamp="20220901 20:49:55.047" level="INFO">${list_books} = Science &amp; Mathematics</msg>
<status status="PASS" starttime="20220901 20:49:55.024" endtime="20220901 20:49:55.047"/>
</kw>
<kw name="Log To Console" library="BuiltIn">
<arg>${list_books}</arg>
<doc>Logs the given message to the console.</doc>
<status status="PASS" starttime="20220901 20:49:55.047" endtime="20220901 20:49:55.048"/>
</kw>
<kw name="Exit For Loop If" library="BuiltIn">
<arg>"${list_books}" == "${particular_book}"</arg>
<doc>Stops executing the enclosing FOR loop if the ``condition`` is true.</doc>
<status status="PASS" starttime="20220901 20:49:55.048" endtime="20220901 20:49:55.049"/>
</kw>
<status status="PASS" starttime="20220901 20:49:55.024" endtime="20220901 20:49:55.049"/>
</iter>
<iter>
<var name="${i}">14</var>
<kw name="Get Text" library="SeleniumLibrary">
<var>${list_books}</var>
<arg>xpath=//*[@class='list-unstyled maincategory']/li[${i}]</arg>
<doc>Returns the text value of the element identified by ``locator``.</doc>
<msg timestamp="20220901 20:49:55.071" level="INFO">${list_books} = Environment &amp; Geography</msg>
<status status="PASS" starttime="20220901 20:49:55.049" endtime="20220901 20:49:55.071"/>
</kw>
<kw name="Log To Console" library="BuiltIn">
<arg>${list_books}</arg>
<doc>Logs the given message to the console.</doc>
<status status="PASS" starttime="20220901 20:49:55.072" endtime="20220901 20:49:55.072"/>
</kw>
<kw name="Exit For Loop If" library="BuiltIn">
<arg>"${list_books}" == "${particular_book}"</arg>
<doc>Stops executing the enclosing FOR loop if the ``condition`` is true.</doc>
<status status="PASS" starttime="20220901 20:49:55.072" endtime="20220901 20:49:55.073"/>
</kw>
<status status="PASS" starttime="20220901 20:49:55.049" endtime="20220901 20:49:55.073"/>
</iter>
<iter>
<var name="${i}">15</var>
<kw name="Get Text" library="SeleniumLibrary">
<var>${list_books}</var>
<arg>xpath=//*[@class='list-unstyled maincategory']/li[${i}]</arg>
<doc>Returns the text value of the element identified by ``locator``.</doc>
<msg timestamp="20220901 20:49:55.097" level="INFO">${list_books} = Technology &amp; Engineering</msg>
<status status="PASS" starttime="20220901 20:49:55.073" endtime="20220901 20:49:55.097"/>
</kw>
<kw name="Log To Console" library="BuiltIn">
<arg>${list_books}</arg>
<doc>Logs the given message to the console.</doc>
<status status="PASS" starttime="20220901 20:49:55.097" endtime="20220901 20:49:55.097"/>
</kw>
<kw name="Exit For Loop If" library="BuiltIn">
<arg>"${list_books}" == "${particular_book}"</arg>
<doc>Stops executing the enclosing FOR loop if the ``condition`` is true.</doc>
<msg timestamp="20220901 20:49:55.098" level="INFO">Exiting for loop altogether.</msg>
<status status="PASS" starttime="20220901 20:49:55.098" endtime="20220901 20:49:55.099"/>
</kw>
<status status="PASS" starttime="20220901 20:49:55.073" endtime="20220901 20:49:55.099"/>
</iter>
<status status="PASS" starttime="20220901 20:49:54.689" endtime="20220901 20:49:55.099"/>
</for>
<status status="PASS" starttime="20220901 20:49:54.573" endtime="20220901 20:49:55.100"/>
</kw>
<tag>tc01</tag>
<status status="PASS" starttime="20220901 20:49:50.611" endtime="20220901 20:49:55.100"/>
</test>
<status status="PASS" starttime="20220901 20:49:50.308" endtime="20220901 20:49:55.102"/>
</suite>
<statistics>
<total>
<stat pass="1" fail="0" skip="0">All Tests</stat>
</total>
<tag>
<stat pass="1" fail="0" skip="0">tc01</stat>
</tag>
<suite>
<stat pass="1" fail="0" skip="0" id="s1" name="Test1">Test1</stat>
</suite>
</statistics>
<errors>
</errors>
</robot>
